<?xml version="1.0" encoding="UTF-8"?>
<!-- Generated by org.testng.reporters.JUnitXMLReporter -->
<testsuite hostname="E0391S1L" ignored="2" name="Default test" tests="1" failures="0" timestamp="29 Aug 2018 06:03:44 GMT" time="49.296" errors="0">
  <testcase name="getNameDepartment" time="26.261" classname="Test.BranchTest"/>
  <testcase name="verifyMemberCount" time="0.0" classname="Test.BranchTest">
    <ignored/>
  </testcase> <!-- verifyMemberCount -->
  <testcase name="verifyNames" time="0.0" classname="Test.BranchTest">
    <ignored/>
  </testcase> <!-- verifyNames -->
</testsuite> <!-- Default test -->
